INFO:__main__:Started
INFO:azure.core.pipeline.policies.http_logging_policy:Request URL: 'https://cits3200testv1.blob.core.windows.net/?comp=REDACTED&include=REDACTED'
Request method: 'GET'
Request headers:
    'x-ms-version': 'REDACTED'
    'Accept': 'application/xml'
    'User-Agent': 'azsdk-python-storage-blob/12.22.0 Python/3.8.9 (macOS-12.2-arm64-arm-64bit)'
    'x-ms-date': 'REDACTED'
    'x-ms-client-request-id': '810eacea-8512-11ef-9df3-ea258d38e8e0'
    'Authorization': 'REDACTED'
No body was attached to the request
INFO:azure.core.pipeline.policies.http_logging_policy:Response status: 200
Response headers:
    'Transfer-Encoding': 'chunked'
    'Content-Type': 'application/xml'
    'Server': 'Windows-Azure-Blob/1.0 Microsoft-HTTPAPI/2.0'
    'x-ms-request-id': 'd4e31361-e01e-0009-101f-191af4000000'
    'x-ms-client-request-id': '810eacea-8512-11ef-9df3-ea258d38e8e0'
    'x-ms-version': 'REDACTED'
    'Date': 'Tue, 08 Oct 2024 01:13:19 GMT'
INFO:root:Beginning base station setup process with base station ID and name = !7c5cb2a0, base-3200-c, and tracker ID and name = !33679a4c + fredtastic
ERROR:root:No LoRa devices were found to be serially connected, check USB connection cable and device.
INFO:root:Getting all nodes information...
INFO:__main__:Started
INFO:azure.core.pipeline.policies.http_logging_policy:Request URL: 'https://cits3200testv1.blob.core.windows.net/?comp=REDACTED&include=REDACTED'
Request method: 'GET'
Request headers:
    'x-ms-version': 'REDACTED'
    'Accept': 'application/xml'
    'User-Agent': 'azsdk-python-storage-blob/12.22.0 Python/3.8.9 (macOS-12.2-arm64-arm-64bit)'
    'x-ms-date': 'REDACTED'
    'x-ms-client-request-id': 'a471e300-8512-11ef-bbf1-ea258d38e8e0'
    'Authorization': 'REDACTED'
No body was attached to the request
INFO:azure.core.pipeline.policies.http_logging_policy:Response status: 200
Response headers:
    'Transfer-Encoding': 'chunked'
    'Content-Type': 'application/xml'
    'Server': 'Windows-Azure-Blob/1.0 Microsoft-HTTPAPI/2.0'
    'x-ms-request-id': 'efb2bac7-301e-0068-261f-1939b7000000'
    'x-ms-client-request-id': 'a471e300-8512-11ef-bbf1-ea258d38e8e0'
    'x-ms-version': 'REDACTED'
    'Date': 'Tue, 08 Oct 2024 01:14:18 GMT'
INFO:root:Beginning base station setup process with base station ID and name = !7c5cb2a0, base-3200-c, and tracker ID and name = !33679a4c + fredtastic
ERROR:root:No LoRa devices were found to be serially connected, check USB connection cable and device.
INFO:root:Getting all nodes information...
INFO:__main__:Started
INFO:azure.core.pipeline.policies.http_logging_policy:Request URL: 'https://cits3200testv1.blob.core.windows.net/?comp=REDACTED&include=REDACTED'
Request method: 'GET'
Request headers:
    'x-ms-version': 'REDACTED'
    'Accept': 'application/xml'
    'User-Agent': 'azsdk-python-storage-blob/12.22.0 Python/3.8.9 (macOS-12.2-arm64-arm-64bit)'
    'x-ms-date': 'REDACTED'
    'x-ms-client-request-id': 'bb003298-8512-11ef-b9d1-ea258d38e8e0'
    'Authorization': 'REDACTED'
No body was attached to the request
INFO:azure.core.pipeline.policies.http_logging_policy:Response status: 200
Response headers:
    'Transfer-Encoding': 'chunked'
    'Content-Type': 'application/xml'
    'Server': 'Windows-Azure-Blob/1.0 Microsoft-HTTPAPI/2.0'
    'x-ms-request-id': 'e7a06687-401e-002f-781f-1952ec000000'
    'x-ms-client-request-id': 'bb003298-8512-11ef-b9d1-ea258d38e8e0'
    'x-ms-version': 'REDACTED'
    'Date': 'Tue, 08 Oct 2024 01:14:56 GMT'
INFO:root:Beginning base station setup process with base station ID and name = !7c5cb2a0, base-3200-c, and tracker ID and name = !33679a4c + fredtastic
ERROR:root:No LoRa devices were found to be serially connected, check USB connection cable and device.
INFO:root:Getting all nodes information...
INFO:__main__:Started
INFO:azure.core.pipeline.policies.http_logging_policy:Request URL: 'https://cits3200testv1.blob.core.windows.net/?comp=REDACTED&include=REDACTED'
Request method: 'GET'
Request headers:
    'x-ms-version': 'REDACTED'
    'Accept': 'application/xml'
    'User-Agent': 'azsdk-python-storage-blob/12.22.0 Python/3.8.9 (macOS-12.2-arm64-arm-64bit)'
    'x-ms-date': 'REDACTED'
    'x-ms-client-request-id': 'c0992df4-8512-11ef-a00d-ea258d38e8e0'
    'Authorization': 'REDACTED'
No body was attached to the request
INFO:azure.core.pipeline.policies.http_logging_policy:Response status: 200
Response headers:
    'Transfer-Encoding': 'chunked'
    'Content-Type': 'application/xml'
    'Server': 'Windows-Azure-Blob/1.0 Microsoft-HTTPAPI/2.0'
    'x-ms-request-id': 'baced762-e01e-006b-451f-19d8d3000000'
    'x-ms-client-request-id': 'c0992df4-8512-11ef-a00d-ea258d38e8e0'
    'x-ms-version': 'REDACTED'
    'Date': 'Tue, 08 Oct 2024 01:15:05 GMT'
INFO:root:Beginning base station setup process with base station ID and name = !7c5cb2a0, base-3200-c, and tracker ID and name = !33679a4c + fredtastic
ERROR:root:No LoRa devices were found to be serially connected, check USB connection cable and device.
INFO:root:Getting all nodes information...
INFO:__main__:Started
INFO:azure.core.pipeline.policies.http_logging_policy:Request URL: 'https://cits3200testv1.blob.core.windows.net/?comp=REDACTED&include=REDACTED'
Request method: 'GET'
Request headers:
    'x-ms-version': 'REDACTED'
    'Accept': 'application/xml'
    'User-Agent': 'azsdk-python-storage-blob/12.22.0 Python/3.8.9 (macOS-12.2-arm64-arm-64bit)'
    'x-ms-date': 'REDACTED'
    'x-ms-client-request-id': 'c60b0ac8-8512-11ef-ace4-ea258d38e8e0'
    'Authorization': 'REDACTED'
No body was attached to the request
INFO:azure.core.pipeline.policies.http_logging_policy:Response status: 200
Response headers:
    'Transfer-Encoding': 'chunked'
    'Content-Type': 'application/xml'
    'Server': 'Windows-Azure-Blob/1.0 Microsoft-HTTPAPI/2.0'
    'x-ms-request-id': '1d34773a-f01e-0058-481f-198778000000'
    'x-ms-client-request-id': 'c60b0ac8-8512-11ef-ace4-ea258d38e8e0'
    'x-ms-version': 'REDACTED'
    'Date': 'Tue, 08 Oct 2024 01:15:14 GMT'
INFO:root:Beginning base station setup process with base station ID and name = !7c5cb2a0, base-3200-c, and tracker ID and name = !33679a4c + fredtastic
ERROR:root:No LoRa devices were found to be serially connected, check USB connection cable and device.
INFO:root:Getting all nodes information...
INFO:__main__:Started
INFO:azure.core.pipeline.policies.http_logging_policy:Request URL: 'https://cits3200testv1.blob.core.windows.net/?comp=REDACTED&include=REDACTED'
Request method: 'GET'
Request headers:
    'x-ms-version': 'REDACTED'
    'Accept': 'application/xml'
    'User-Agent': 'azsdk-python-storage-blob/12.22.0 Python/3.8.9 (macOS-12.2-arm64-arm-64bit)'
    'x-ms-date': 'REDACTED'
    'x-ms-client-request-id': 'c8892e1a-8512-11ef-acc8-ea258d38e8e0'
    'Authorization': 'REDACTED'
No body was attached to the request
INFO:azure.core.pipeline.policies.http_logging_policy:Response status: 200
Response headers:
    'Transfer-Encoding': 'chunked'
    'Content-Type': 'application/xml'
    'Server': 'Windows-Azure-Blob/1.0 Microsoft-HTTPAPI/2.0'
    'x-ms-request-id': 'd9154b49-601e-0065-191f-19f163000000'
    'x-ms-client-request-id': 'c8892e1a-8512-11ef-acc8-ea258d38e8e0'
    'x-ms-version': 'REDACTED'
    'Date': 'Tue, 08 Oct 2024 01:15:19 GMT'
INFO:root:Beginning base station setup process with base station ID and name = !7c5cb2a0, base-3200-c, and tracker ID and name = !33679a4c + fredtastic
ERROR:root:No LoRa devices were found to be serially connected, check USB connection cable and device.
INFO:root:Getting all nodes information...
INFO:__main__:Started
INFO:azure.core.pipeline.policies.http_logging_policy:Request URL: 'https://cits3200testv1.blob.core.windows.net/?comp=REDACTED&include=REDACTED'
Request method: 'GET'
Request headers:
    'x-ms-version': 'REDACTED'
    'Accept': 'application/xml'
    'User-Agent': 'azsdk-python-storage-blob/12.22.0 Python/3.8.9 (macOS-12.2-arm64-arm-64bit)'
    'x-ms-date': 'REDACTED'
    'x-ms-client-request-id': '121c13ee-8513-11ef-b8e9-ea258d38e8e0'
    'Authorization': 'REDACTED'
No body was attached to the request
INFO:azure.core.pipeline.policies.http_logging_policy:Response status: 200
Response headers:
    'Transfer-Encoding': 'chunked'
    'Content-Type': 'application/xml'
    'Server': 'Windows-Azure-Blob/1.0 Microsoft-HTTPAPI/2.0'
    'x-ms-request-id': '5f987f93-701e-0046-3d1f-196ba0000000'
    'x-ms-client-request-id': '121c13ee-8513-11ef-b8e9-ea258d38e8e0'
    'x-ms-version': 'REDACTED'
    'Date': 'Tue, 08 Oct 2024 01:17:22 GMT'
INFO:root:Beginning base station setup process with base station ID and name = !7c5cb2a0, base-3200-c, and tracker ID and name = !33679a4c + fredtastic
ERROR:root:No LoRa devices were found to be serially connected, check USB connection cable and device.
INFO:root:Getting all nodes information...
